[INFO] 02:44:35:390 Servidor/(21911:21911): Servidor listo para recibir al cliente
[INFO] 02:44:45:317 Servidor/(21911:21911): Se conecto un cliente!
[WARNING] 02:44:48:536 Servidor/(21911:21911): Operacion desconocida. No quieras meter la pata
[WARNING] 02:44:50:517 Servidor/(21911:21911): Operacion desconocida. No quieras meter la pata
[WARNING] 02:44:51:624 Servidor/(21911:21911): Operacion desconocida. No quieras meter la pata
[WARNING] 02:44:52:581 Servidor/(21911:21911): Operacion desconocida. No quieras meter la pata
[INFO] 03:24:30:785 Servidor/(10637:10637): Servidor listo para recibir al cliente
[INFO] 03:24:34:265 Servidor/(10637:10637): Se conecto Cliente
[INFO] 03:24:40:759 Servidor/(10637:10637): Me llego el mensaje CLAVEPRUEBA
[INFO] 03:26:27:330 Servidor/(10637:10637): Me llegaron los siguientes valores:

[ERROR] 03:26:32:212 Servidor/(10637:10637): el cliente se desconecto. Terminando servidor
[INFO] 18:12:57:178 Servidor/(20352:20352): Servidor listo para recibir al cliente
[INFO] 18:13:03:739 Servidor/(20352:20352): Se conecto Cliente
[INFO] 18:13:09:084 Servidor/(20352:20352): Me llego el mensaje CLAVEPRUEBA
[INFO] 18:23:36:477 Servidor/(20352:20352): Me llegaron los siguientes valores:

[ERROR] 18:24:01:747 Servidor/(20352:20352): el cliente se desconecto. Terminando servidor
[INFO] 18:58:40:756 Servidor/(26021:26021): Servidor listo para recibir al cliente
[INFO] 18:58:45:042 Servidor/(26021:26021): Se conecto Cliente
[INFO] 18:58:47:067 Servidor/(26021:26021): Me llego el mensaje CLAVEPRUEBA
[INFO] 18:58:56:194 Servidor/(26021:26021): Me llegaron los siguientes valores:

[INFO] 19:00:39:998 Servidor/(26310:26310): Servidor listo para recibir al cliente
[INFO] 19:00:48:544 Servidor/(26310:26310): Se conecto Cliente
[INFO] 19:00:50:601 Servidor/(26310:26310): Me llego el mensaje CLAVEPRUEBA
[INFO] 19:01:03:416 Servidor/(26310:26310): Me llegaron los siguientes valores:

